<?xml version="1.0" encoding="UTF-8"?>
<!-- Generated by org.testng.reporters.JUnitXMLReporter -->
<testsuite hostname="DESKTOP-93FTARC" ignored="0" name="Default test" tests="3" failures="0" timestamp="19 Jan 2024 21:33:34 GMT" time="32.486" errors="0">
  <testcase name="titleValidation" time="0.078" classname="com.TestNG.GoogleTest"/>
  <testcase name="signinButtonValidation" time="0.482" classname="com.TestNG.GoogleTest"/>
  <testcase name="tit1leValidation" time="0.059" classname="com.TestNG.GoogleTest"/>
</testsuite> <!-- Default test -->
